2026-01-21 01:33:34,973 - root - INFO - Logger initialized
2026-01-21 01:33:35,579 - src.app.services.door_access_service - INFO - Door Access Service initialized
2026-01-21 12:45:56,290 - root - INFO - Logger initialized
2026-01-21 12:45:56,493 - src.app.services.door_access_service - INFO - Door Access Service initialized
2026-01-21 12:53:31,406 - root - INFO - Logger initialized
2026-01-21 12:53:36,552 - src.app.services.door_access_service - INFO - Door Access Service initialized
2026-01-21 12:53:44,782 - src.app.api.v1.door_access - INFO - Verifying employee ID: InSP/2025/4593/526 - Inam
2026-01-21 12:53:50,804 - src.app.api.v1.door_access - INFO - Verifying employee ID: InSP/2025/4593/526 - Ina
2026-01-21 12:53:55,058 - src.app.api.v1.door_access - INFO - Verifying employee ID: InSP/2025/4593/526 - In
2026-01-21 12:54:01,352 - src.app.api.v1.door_access - INFO - Verifying employee ID: InSP/2025/4593/526 - I
2026-01-21 12:54:41,902 - root - INFO - Logger initialized
2026-01-21 12:58:21,450 - root - INFO - Logger initialized
2026-01-21 12:59:46,279 - root - INFO - Logger initialized
2026-01-21 12:59:50,607 - src.app.services.door_access_service - INFO - Door Access Service initialized
2026-01-21 12:59:58,925 - src.app.api.v1.door_access - INFO - Verifying employee ID: n
2026-01-21 12:59:59,333 - src.app.api.v1.door_access - WARNING - Unexpected validation response: Please use Interns ID with name. Sample is InSP/2024/6377/718 - Adithya or InSP/2024/677/718 - Adithya or T002892 - sadil
2026-01-21 13:00:04,846 - src.app.api.v1.door_access - INFO - Verifying employee ID: n
2026-01-21 13:00:05,266 - src.app.api.v1.door_access - WARNING - Unexpected validation response: Please use Interns ID with name. Sample is InSP/2024/6377/718 - Adithya or InSP/2024/677/718 - Adithya or T002892 - sadil
2026-01-21 13:00:17,665 - src.app.api.v1.door_access - INFO - Verifying employee ID: InSP/2025/4593/526 - Inam
2026-01-21 13:00:22,793 - src.app.api.v1.door_access - INFO - Verifying employee ID: InSP/2025/4593/526 - Ina
2026-01-21 13:00:29,642 - src.app.api.v1.door_access - INFO - Verifying employee ID: InSP/2025/4593/526 - Inam
2026-01-21 13:00:35,629 - src.app.api.v1.door_access - WARNING - Could not verify user against central server: 
2026-01-21 13:00:50,931 - src.app.services.door_access_service - INFO - Created user: Inam (InSP/2025/4593/526 - Inam)
2026-01-21 13:01:29,730 - src.app.services.door_access_service - INFO - Created door: HR (door_ff33537a) in group grp_a64dfc14
2026-01-21 13:02:01,711 - src.app.services.door_access_service - INFO - Created group: B Building (grp_85c0b77b)
2026-01-21 13:02:29,708 - src.app.services.door_access_service - INFO - Created door: OTS (door_f480227a) in group grp_85c0b77b
2026-01-21 13:02:39,027 - src.app.services.door_access_service - INFO - Updated door access for user InSP/2025/4593/526 - Inam: 2 doors
2026-01-21 13:04:23,305 - root - INFO - Logger initialized
2026-01-21 13:04:38,414 - src.app.services.door_access_service - INFO - Door Access Service initialized
2026-01-21 13:04:52,538 - src.app.api.v1.door_access - INFO - Verifying employee ID: InSP/2025/4593/526 - Inam
2026-01-21 13:04:58,265 - src.app.services.door_access_service - INFO - Created user: Inam (InSP/2025/4593/526 - Inam)
2026-01-21 13:10:24,770 - root - INFO - Logger initialized
2026-01-21 13:10:30,152 - src.app.services.door_access_service - INFO - Door Access Service initialized
2026-01-21 13:10:40,311 - src.app.api.v1.door_access - INFO - Verifying employee ID: InSP/2025/4593/526 - Ina
2026-01-21 13:10:46,292 - src.app.api.v1.door_access - INFO - Verifying employee ID: InSP/2025/4593/526 - Inam
2026-01-21 13:10:59,823 - src.app.services.door_access_service - INFO - Created user: Inam Irshad (InSP/2025/4593/526 - Inam)
2026-01-21 13:11:14,562 - src.app.services.door_access_service - INFO - Updated door access for user InSP/2025/4593/526 - Inam: 2 doors
2026-01-21 13:11:18,499 - src.app.services.door_access_service - INFO - Updated door access for user InSP/2025/4593/526 - Inam: 3 doors
2026-01-21 13:13:45,924 - root - INFO - Logger initialized
2026-01-21 13:13:48,375 - src.app.services.door_access_service - INFO - Door Access Service initialized
2026-01-21 13:15:58,298 - root - INFO - Logger initialized
2026-01-21 13:16:04,755 - src.app.services.door_access_service - INFO - Door Access Service initialized
2026-01-21 13:16:19,375 - src.app.services.door_access_service - INFO - Updated door access for user InSP/2025/4593/526 - Inam: 2 doors
2026-01-22 10:29:04,688 - root - INFO - Logger initialized
2026-01-22 10:29:10,783 - src.app.services.door_access_service - INFO - Door Access Service initialized
2026-01-22 10:31:10,792 - src.app.api.v1.door_access - INFO - Verifying employee ID: InSP/2025/0002/002
2026-01-22 10:32:02,858 - src.app.services.door_access_service - INFO - Created user: Bhanuka Aththanayaka (InSP/2025/0002/002)
2026-01-22 10:44:27,739 - root - INFO - Logger initialized
2026-01-22 10:44:28,286 - src.app.services.door_access_service - INFO - Door Access Service initialized
2026-01-22 10:47:23,756 - src.app.api.v1.door_access - INFO - Verifying employee ID: InSP/2025/4593/526 - Inam
